<?xml version="1.0" encoding="UTF-8"?>
<!-- Generated by org.testng.reporters.JUnitXMLReporter -->
<testsuite hostname="evs01cpb424" name="Default test(failed)" tests="1" failures="1" timestamp="1 Jun 2017 04:55:28 GMT" time="0.38" errors="0">
  <testcase name="@AfterClass teardown" time="0.0" classname="testcases.HybridExecuteTest">
    <failure type="java.lang.NullPointerException">
      <![CDATA[java.lang.NullPointerException
	at testcases.HybridExecuteTest.teardown(HybridExecuteTest.java:70)
... Removed 25 stack frames]]>
    </failure>
  </testcase> <!-- @AfterClass teardown -->
  <testcase name="testlogin" time="0.01" classname="testcases.HybridExecuteTest">
    <failure type="java.lang.NullPointerException">
      <![CDATA[java.lang.NullPointerException
	at operation.UIoperations.perform(UIoperations.java:22)
	at testcases.HybridExecuteTest.testlogin(HybridExecuteTest.java:41)
... Removed 25 stack frames]]>
    </failure>
  </testcase> <!-- testlogin -->
</testsuite> <!-- Default test(failed) -->
