<?xml version="1.0" encoding="UTF-8"?>
<!-- Generated by org.testng.reporters.JUnitXMLReporter -->
<testsuite hostname="EVS01CPB237" ignored="0" name="Test" tests="14" failures="1" timestamp="07 Jun 2017 11:10:46 GMT" time="24.627" errors="0">
  <testcase name="@AfterTest teardown" time="0.384" classname="testcases.HybridExecuteTest">
    <failure type="org.openqa.selenium.WebDriverException" message="Tried to run command without establishing a connection
Build info: version: &amp;apos;3.4.0&amp;apos;, revision: &amp;apos;unknown&amp;apos;, time: &amp;apos;unknown&amp;apos;
System info: host: &amp;apos;EVS01CPB237&amp;apos;, ip: &amp;apos;172.16.30.135&amp;apos;, os.name: &amp;apos;Windows 7&amp;apos;, os.arch: &amp;apos;amd64&amp;apos;, os.version: &amp;apos;6.1&amp;apos;, java.version: &amp;apos;1.8.0_131&amp;apos;
Driver info: org.openqa.selenium.firefox.FirefoxDriver
Capabilities [{moz:profile=C:\Users\RAJEEV~1.SIN\AppData\Local\Temp\rust_mozprofile.DKB9aN0h7F6q, rotatable=false, timeouts={implicit=0.0, pageLoad=300000.0, script=30000.0}, pageLoadStrategy=normal, platform=ANY, specificationLevel=0.0, moz:accessibilityChecks=false, acceptInsecureCerts=false, browserVersion=53.0.2, platformVersion=6.1, moz:processID=9828.0, browserName=firefox, javascriptEnabled=true, platformName=windows_nt}]
Session ID: 7ee0f83a-c4da-4358-b958-67fd8f7069e7">
      <![CDATA[org.openqa.selenium.WebDriverException: Tried to run command without establishing a connection
Build info: version: '3.4.0', revision: 'unknown', time: 'unknown'
System info: host: 'EVS01CPB237', ip: '172.16.30.135', os.name: 'Windows 7', os.arch: 'amd64', os.version: '6.1', java.version: '1.8.0_131'
Driver info: org.openqa.selenium.firefox.FirefoxDriver
Capabilities [{moz:profile=C:\Users\RAJEEV~1.SIN\AppData\Local\Temp\rust_mozprofile.DKB9aN0h7F6q, rotatable=false, timeouts={implicit=0.0, pageLoad=300000.0, script=30000.0}, pageLoadStrategy=normal, platform=ANY, specificationLevel=0.0, moz:accessibilityChecks=false, acceptInsecureCerts=false, browserVersion=53.0.2, platformVersion=6.1, moz:processID=9828.0, browserName=firefox, javascriptEnabled=true, platformName=windows_nt}]
Session ID: 7ee0f83a-c4da-4358-b958-67fd8f7069e7
	at org.openqa.selenium.remote.http.W3CHttpResponseCodec.createException(W3CHttpResponseCodec.java:150)
	at org.openqa.selenium.remote.http.W3CHttpResponseCodec.decode(W3CHttpResponseCodec.java:115)
	at org.openqa.selenium.remote.http.W3CHttpResponseCodec.decode(W3CHttpResponseCodec.java:45)
	at org.openqa.selenium.remote.HttpCommandExecutor.execute(HttpCommandExecutor.java:164)
	at org.openqa.selenium.remote.service.DriverCommandExecutor.execute(DriverCommandExecutor.java:82)
	at org.openqa.selenium.remote.RemoteWebDriver.execute(RemoteWebDriver.java:637)
	at org.openqa.selenium.remote.RemoteWebDriver.execute(RemoteWebDriver.java:694)
	at org.openqa.selenium.remote.RemoteWebDriver.quit(RemoteWebDriver.java:533)
	at testcases.HybridExecuteTest.teardown(HybridExecuteTest.java:89)
... Removed 27 stack frames]]>
    </failure>
  </testcase> <!-- @AfterTest teardown -->
  <testcase name="testlogin" time="5.236" classname="testcases.HybridExecuteTest"/>
  <testcase name="testlogin" time="2.714" classname="testcases.HybridExecuteTest"/>
  <testcase name="testlogin" time="0.079" classname="testcases.HybridExecuteTest"/>
  <testcase name="testlogin" time="0.042" classname="testcases.HybridExecuteTest"/>
  <testcase name="testlogin" time="0.883" classname="testcases.HybridExecuteTest"/>
  <testcase name="testlogin" time="0.001" classname="testcases.HybridExecuteTest"/>
  <testcase name="testlogin" time="4.721" classname="testcases.HybridExecuteTest"/>
  <testcase name="testlogin" time="7.478" classname="testcases.HybridExecuteTest"/>
  <testcase name="testlogin" time="0.07" classname="testcases.HybridExecuteTest"/>
  <testcase name="testlogin" time="0.042" classname="testcases.HybridExecuteTest"/>
  <testcase name="testlogin" time="1.221" classname="testcases.HybridExecuteTest"/>
  <testcase name="testlogin" time="0.024" classname="testcases.HybridExecuteTest"/>
  <testcase name="testlogin" time="0.0" classname="testcases.HybridExecuteTest">
    <failure type="java.lang.IllegalArgumentException" message="Cannot find elements when the XPath expression is null.">
      <![CDATA[java.lang.IllegalArgumentException: Cannot find elements when the XPath expression is null.
	at org.openqa.selenium.By.xpath(By.java:113)
	at operation.Getobjectclass.getObject(Getobjectclass.java:15)
	at operation.UIoperations.perform(UIoperations.java:22)
	at testcases.HybridExecuteTest.testlogin(HybridExecuteTest.java:53)
... Removed 25 stack frames]]>
    </failure>
  </testcase> <!-- testlogin -->
  <testcase name="testlogin" time="1.304" classname="testcases.HybridExecuteTest"/>
</testsuite> <!-- Test -->
